0 info it worked if it ends with ok
1 verbose cli [ 'C:\\Program Files\\nodejs\\node.exe',
1 verbose cli   'C:\\Program Files\\nodejs\\node_modules\\npm\\bin\\npm-cli.js',
1 verbose cli   'install',
1 verbose cli   'd3#3.5.17',
1 verbose cli   '--save-dev' ]
2 info using npm@2.5.1
3 info using node@v0.12.0
4 silly cache add args [ 'd3#3.5.17', null ]
5 verbose cache add spec d3#3.5.17
6 silly cache add parsed spec { raw: 'd3#3.5.17',
6 silly cache add   scope: null,
6 silly cache add   name: null,
6 silly cache add   rawSpec: 'd3#3.5.17',
6 silly cache add   spec: 'E:\\git_profile\\d3js-demo\\d3#3.5.17',
6 silly cache add   type: 'local' }
7 error addLocal Could not install E:\git_profile\d3js-demo\d3#3.5.17
8 verbose stack Error: ENOENT, open 'E:\git_profile\d3js-demo\d3#3.5.17'
8 verbose stack     at Error (native)
9 verbose cwd E:\git_profile\d3js-demo
10 error Windows_NT 6.1.7601
11 error argv "C:\\Program Files\\nodejs\\node.exe" "C:\\Program Files\\nodejs\\node_modules\\npm\\bin\\npm-cli.js" "install" "d3#3.5.17" "--save-dev"
12 error node v0.12.0
13 error npm  v2.5.1
14 error path E:\git_profile\d3js-demo\d3#3.5.17
15 error code ENOENT
16 error errno -4058
17 error enoent ENOENT, open 'E:\git_profile\d3js-demo\d3#3.5.17'
17 error enoent This is most likely not a problem with npm itself
17 error enoent and is related to npm not being able to find a file.
18 verbose exit [ -4058, true ]
